<?xml version="1.0" encoding="UTF-8"?>
<testsuite xmlns:xsi="http://www.w3.org/2001/XMLSchema-instance" xsi:noNamespaceSchemaLocation="https://maven.apache.org/surefire/maven-surefire-plugin/xsd/surefire-test-report-3.0.xsd" version="3.0" name="ec.edu.epn.calculator.CalculatorParameterizedTest" time="1.735" tests="10" errors="0" skipped="0" failures="0">
  <properties>
    <property name="java.specification.version" value="20"/>
    <property name="sun.cpu.isalist" value="amd64"/>
    <property name="sun.jnu.encoding" value="Cp1252"/>
    <property name="java.class.path" value="D:\Repositorios-Sexto\Calculator_ContinuousIntegration_MA\target\test-classes;D:\Repositorios-Sexto\Calculator_ContinuousIntegration_MA\target\classes;C:\Users\dacol\.m2\repository\junit\junit\4.13.1\junit-4.13.1.jar;C:\Users\dacol\.m2\repository\org\hamcrest\hamcrest-core\1.3\hamcrest-core-1.3.jar;C:\Users\dacol\.m2\repository\org\mockito\mockito-core\2.23.4\mockito-core-2.23.4.jar;C:\Users\dacol\.m2\repository\net\bytebuddy\byte-buddy\1.9.3\byte-buddy-1.9.3.jar;C:\Users\dacol\.m2\repository\net\bytebuddy\byte-buddy-agent\1.9.3\byte-buddy-agent-1.9.3.jar;C:\Users\dacol\.m2\repository\org\objenesis\objenesis\2.6\objenesis-2.6.jar;"/>
    <property name="java.vm.vendor" value="Oracle Corporation"/>
    <property name="sun.arch.data.model" value="64"/>
    <property name="user.variant" value=""/>
    <property name="java.vendor.url" value="https://java.oracle.com/"/>
    <property name="user.timezone" value="America/Guayaquil"/>
    <property name="os.name" value="Windows 11"/>
    <property name="java.vm.specification.version" value="20"/>
    <property name="sun.java.launcher" value="SUN_STANDARD"/>
    <property name="user.country" value="EC"/>
    <property name="sun.boot.library.path" value="C:\Program Files\Java\jdk-20\bin"/>
    <property name="sun.java.command" value="C:\Users\dacol\AppData\Local\Temp\surefire7641731714299807940\surefirebooter-20231128090508889_3.jar C:\Users\dacol\AppData\Local\Temp\surefire7641731714299807940 2023-11-28T09-05-06_606-jvmRun1 surefire-20231128090508889_1tmp surefire_0-20231128090508889_2tmp"/>
    <property name="jdk.debug" value="release"/>
    <property name="surefire.test.class.path" value="D:\Repositorios-Sexto\Calculator_ContinuousIntegration_MA\target\test-classes;D:\Repositorios-Sexto\Calculator_ContinuousIntegration_MA\target\classes;C:\Users\dacol\.m2\repository\junit\junit\4.13.1\junit-4.13.1.jar;C:\Users\dacol\.m2\repository\org\hamcrest\hamcrest-core\1.3\hamcrest-core-1.3.jar;C:\Users\dacol\.m2\repository\org\mockito\mockito-core\2.23.4\mockito-core-2.23.4.jar;C:\Users\dacol\.m2\repository\net\bytebuddy\byte-buddy\1.9.3\byte-buddy-1.9.3.jar;C:\Users\dacol\.m2\repository\net\bytebuddy\byte-buddy-agent\1.9.3\byte-buddy-agent-1.9.3.jar;C:\Users\dacol\.m2\repository\org\objenesis\objenesis\2.6\objenesis-2.6.jar;"/>
    <property name="sun.cpu.endian" value="little"/>
    <property name="user.home" value="C:\Users\dacol"/>
    <property name="user.language" value="es"/>
    <property name="java.specification.vendor" value="Oracle Corporation"/>
    <property name="java.version.date" value="2023-07-18"/>
    <property name="java.home" value="C:\Program Files\Java\jdk-20"/>
    <property name="file.separator" value="\"/>
    <property name="basedir" value="D:\Repositorios-Sexto\Calculator_ContinuousIntegration_MA"/>
    <property name="java.vm.compressedOopsMode" value="Zero based"/>
    <property name="line.separator" value="&#10;"/>
    <property name="java.vm.specification.vendor" value="Oracle Corporation"/>
    <property name="java.specification.name" value="Java Platform API Specification"/>
    <property name="surefire.real.class.path" value="C:\Users\dacol\AppData\Local\Temp\surefire7641731714299807940\surefirebooter-20231128090508889_3.jar"/>
    <property name="user.script" value=""/>
    <property name="sun.management.compiler" value="HotSpot 64-Bit Tiered Compilers"/>
    <property name="java.runtime.version" value="20.0.2+9-78"/>
    <property name="user.name" value="dacol"/>
    <property name="stdout.encoding" value="Cp1252"/>
    <property name="path.separator" value=";"/>
    <property name="os.version" value="10.0"/>
    <property name="java.runtime.name" value="Java(TM) SE Runtime Environment"/>
    <property name="file.encoding" value="UTF-8"/>
    <property name="java.vm.name" value="Java HotSpot(TM) 64-Bit Server VM"/>
    <property name="localRepository" value="C:\Users\dacol\.m2\repository"/>
    <property name="java.vendor.url.bug" value="https://bugreport.java.com/bugreport/"/>
    <property name="java.io.tmpdir" value="C:\Users\dacol\AppData\Local\Temp\"/>
    <property name="idea.version" value="2023.2.5"/>
    <property name="java.version" value="20.0.2"/>
    <property name="user.dir" value="D:\Repositorios-Sexto\Calculator_ContinuousIntegration_MA"/>
    <property name="os.arch" value="amd64"/>
    <property name="java.vm.specification.name" value="Java Virtual Machine Specification"/>
    <property name="sun.os.patch.level" value=""/>
    <property name="native.encoding" value="Cp1252"/>
    <property name="java.library.path" value="C:\Program Files\Java\jdk-20\bin;C:\Windows\Sun\Java\bin;C:\Windows\system32;C:\Windows;C:\Program Files\Common Files\Oracle\Java\javapath;C:\Windows\system32;C:\Windows;C:\Windows\System32\Wbem;C:\Windows\System32\WindowsPowerShell\v1.0\;C:\Windows\System32\OpenSSH\;C:\Program Files\Microsoft VS Code\bin;C:\Program Files (x86)\Microsoft SQL Server\160\Tools\Binn\;C:\Program Files\Microsoft SQL Server\160\Tools\Binn\;C:\Program Files\Microsoft SQL Server\Client SDK\ODBC\170\Tools\Binn\;C:\Program Files\Microsoft SQL Server\160\DTS\Binn\;C:\Program Files\Azure Data Studio\bin;C:\Program Files (x86)\Microsoft SQL Server\160\DTS\Binn\;C:\Program Files\dotnet\;C:\Program Files\Microsoft SQL Server\Client SDK\ODBC\130\Tools\Binn\;C:\Program Files (x86)\Microsoft SQL Server\Client SDK\ODBC\130\Tools\Binn\;C:\Program Files (x86)\Microsoft SQL Server\140\Tools\Binn\;C:\Program Files (x86)\Microsoft SQL Server\140\DTS\Binn\;C:\Program Files (x86)\Microsoft SQL Server\140\Tools\Binn\ManagementStudio\;D:\Programs\;D:\Git\cmd;C:\Program Files\NVIDIA Corporation\NVIDIA NvDLISR;C:\Program Files (x86)\NVIDIA Corporation\PhysX\Common;D:\xampp\php;D:\composer;C:\Program Files\Docker\Docker\resources\bin;C:\Users\dacol\AppData\Local\Programs\Quarto\bin;C:\Users\dacol\AppData\Local\Microsoft\WindowsApps;C:\Program Files\Azure Data Studio\bin;C:\Users\dacol\.dotnet\tools;C:\Users\dacol\AppData\Roaming\npm;D:\IntelliJ IDEA Community Edition 2023.2\bin;;C:\Users\dacol\AppData\Roaming\Composer\vendor\bin;."/>
    <property name="java.vm.info" value="mixed mode, sharing"/>
    <property name="stderr.encoding" value="Cp1252"/>
    <property name="java.vendor" value="Oracle Corporation"/>
    <property name="java.vm.version" value="20.0.2+9-78"/>
    <property name="sun.io.unicode.encoding" value="UnicodeLittle"/>
    <property name="java.class.version" value="64.0"/>
  </properties>
  <testcase name="given_parameters_when_add_then_ok[0]" classname="ec.edu.epn.calculator.CalculatorParameterizedTest" time="0.131"/>
  <testcase name="given_parameters_when_add_then_ok[1]" classname="ec.edu.epn.calculator.CalculatorParameterizedTest" time="0"/>
  <testcase name="given_parameters_when_add_then_ok[2]" classname="ec.edu.epn.calculator.CalculatorParameterizedTest" time="0"/>
  <testcase name="given_parameters_when_add_then_ok[3]" classname="ec.edu.epn.calculator.CalculatorParameterizedTest" time="0.001"/>
  <testcase name="given_parameters_when_add_then_ok[4]" classname="ec.edu.epn.calculator.CalculatorParameterizedTest" time="0.001"/>
  <testcase name="given_parameters_when_add_then_ok[5]" classname="ec.edu.epn.calculator.CalculatorParameterizedTest" time="0.001"/>
  <testcase name="given_parameters_when_add_then_ok[6]" classname="ec.edu.epn.calculator.CalculatorParameterizedTest" time="0.001"/>
  <testcase name="given_parameters_when_add_then_ok[7]" classname="ec.edu.epn.calculator.CalculatorParameterizedTest" time="0"/>
  <testcase name="given_parameters_when_add_then_ok[8]" classname="ec.edu.epn.calculator.CalculatorParameterizedTest" time="0.002"/>
  <testcase name="given_parameters_when_add_then_ok[9]" classname="ec.edu.epn.calculator.CalculatorParameterizedTest" time="0.001"/>
</testsuite>