<?xml version="1.0" encoding="UTF-8"?>
<testsuite xmlns:xsi="http://www.w3.org/2001/XMLSchema-instance" xsi:noNamespaceSchemaLocation="https://maven.apache.org/surefire/maven-surefire-plugin/xsd/surefire-test-report-3.0.xsd" version="3.0" name="ec.edu.epn.calculator.CalculatorTest" time="0.092" tests="5" errors="0" skipped="0" failures="0">
  <properties>
    <property name="java.specification.version" value="21"/>
    <property name="sun.cpu.isalist" value="amd64"/>
    <property name="sun.jnu.encoding" value="Cp1252"/>
    <property name="java.class.path" value="D:\UNIVERSIDAD\SEXTO SEMESTRE\METODOLOGIAS AGILES\Practicas\I Bim\Practica 3\Programa a presentar\Calculator_ContinuousIntegration_MA\target\test-classes;D:\UNIVERSIDAD\SEXTO SEMESTRE\METODOLOGIAS AGILES\Practicas\I Bim\Practica 3\Programa a presentar\Calculator_ContinuousIntegration_MA\target\classes;C:\Users\dario\.m2\repository\junit\junit\4.13.1\junit-4.13.1.jar;C:\Users\dario\.m2\repository\org\hamcrest\hamcrest-core\1.3\hamcrest-core-1.3.jar;C:\Users\dario\.m2\repository\org\mockito\mockito-core\2.23.4\mockito-core-2.23.4.jar;C:\Users\dario\.m2\repository\net\bytebuddy\byte-buddy\1.9.3\byte-buddy-1.9.3.jar;C:\Users\dario\.m2\repository\net\bytebuddy\byte-buddy-agent\1.9.3\byte-buddy-agent-1.9.3.jar;C:\Users\dario\.m2\repository\org\objenesis\objenesis\2.6\objenesis-2.6.jar;"/>
    <property name="java.vm.vendor" value="Oracle Corporation"/>
    <property name="sun.arch.data.model" value="64"/>
    <property name="user.variant" value=""/>
    <property name="java.vendor.url" value="https://java.oracle.com/"/>
    <property name="user.timezone" value="America/Guayaquil"/>
    <property name="os.name" value="Windows 11"/>
    <property name="java.vm.specification.version" value="21"/>
    <property name="sun.java.launcher" value="SUN_STANDARD"/>
    <property name="user.country" value="EC"/>
    <property name="sun.boot.library.path" value="C:\Users\dario\.jdks\openjdk-21.0.1\bin"/>
    <property name="sun.java.command" value="C:\Users\dario\AppData\Local\Temp\surefire10776669183493831089\surefirebooter-20231128233751677_3.jar C:\Users\dario\AppData\Local\Temp\surefire10776669183493831089 2023-11-28T23-37-51_580-jvmRun1 surefire-20231128233751677_1tmp surefire_0-20231128233751677_2tmp"/>
    <property name="jdk.debug" value="release"/>
    <property name="surefire.test.class.path" value="D:\UNIVERSIDAD\SEXTO SEMESTRE\METODOLOGIAS AGILES\Practicas\I Bim\Practica 3\Programa a presentar\Calculator_ContinuousIntegration_MA\target\test-classes;D:\UNIVERSIDAD\SEXTO SEMESTRE\METODOLOGIAS AGILES\Practicas\I Bim\Practica 3\Programa a presentar\Calculator_ContinuousIntegration_MA\target\classes;C:\Users\dario\.m2\repository\junit\junit\4.13.1\junit-4.13.1.jar;C:\Users\dario\.m2\repository\org\hamcrest\hamcrest-core\1.3\hamcrest-core-1.3.jar;C:\Users\dario\.m2\repository\org\mockito\mockito-core\2.23.4\mockito-core-2.23.4.jar;C:\Users\dario\.m2\repository\net\bytebuddy\byte-buddy\1.9.3\byte-buddy-1.9.3.jar;C:\Users\dario\.m2\repository\net\bytebuddy\byte-buddy-agent\1.9.3\byte-buddy-agent-1.9.3.jar;C:\Users\dario\.m2\repository\org\objenesis\objenesis\2.6\objenesis-2.6.jar;"/>
    <property name="sun.cpu.endian" value="little"/>
    <property name="user.home" value="C:\Users\dario"/>
    <property name="user.language" value="es"/>
    <property name="java.specification.vendor" value="Oracle Corporation"/>
    <property name="java.version.date" value="2023-10-17"/>
    <property name="java.home" value="C:\Users\dario\.jdks\openjdk-21.0.1"/>
    <property name="file.separator" value="\"/>
    <property name="basedir" value="D:\UNIVERSIDAD\SEXTO SEMESTRE\METODOLOGIAS AGILES\Practicas\I Bim\Practica 3\Programa a presentar\Calculator_ContinuousIntegration_MA"/>
    <property name="java.vm.compressedOopsMode" value="Zero based"/>
    <property name="line.separator" value="&#10;"/>
    <property name="java.vm.specification.vendor" value="Oracle Corporation"/>
    <property name="java.specification.name" value="Java Platform API Specification"/>
    <property name="surefire.real.class.path" value="C:\Users\dario\AppData\Local\Temp\surefire10776669183493831089\surefirebooter-20231128233751677_3.jar"/>
    <property name="user.script" value=""/>
    <property name="sun.management.compiler" value="HotSpot 64-Bit Tiered Compilers"/>
    <property name="java.runtime.version" value="21.0.1+12-29"/>
    <property name="user.name" value="dario"/>
    <property name="stdout.encoding" value="Cp1252"/>
    <property name="path.separator" value=";"/>
    <property name="os.version" value="10.0"/>
    <property name="java.runtime.name" value="OpenJDK Runtime Environment"/>
    <property name="file.encoding" value="UTF-8"/>
    <property name="java.vm.name" value="OpenJDK 64-Bit Server VM"/>
    <property name="localRepository" value="C:\Users\dario\.m2\repository"/>
    <property name="java.vendor.url.bug" value="https://bugreport.java.com/bugreport/"/>
    <property name="java.io.tmpdir" value="C:\Users\dario\AppData\Local\Temp\"/>
    <property name="idea.version" value="2023.2"/>
    <property name="java.version" value="21.0.1"/>
    <property name="user.dir" value="D:\UNIVERSIDAD\SEXTO SEMESTRE\METODOLOGIAS AGILES\Practicas\I Bim\Practica 3\Programa a presentar\Calculator_ContinuousIntegration_MA"/>
    <property name="os.arch" value="amd64"/>
    <property name="java.vm.specification.name" value="Java Virtual Machine Specification"/>
    <property name="sun.os.patch.level" value=""/>
    <property name="native.encoding" value="Cp1252"/>
    <property name="java.library.path" value="C:\Users\dario\.jdks\openjdk-21.0.1\bin;C:\WINDOWS\Sun\Java\bin;C:\WINDOWS\system32;C:\WINDOWS;C:\Users\dario\AppData\Local\Programs\Python\Python311\Scripts\;C:\Users\dario\AppData\Local\Programs\Python\Python311\;C:\Program Files\Common Files\Oracle\Java\javapath;C:\Program Files (x86)\Common Files\Oracle\Java\javapath;C:\Windows\system32;C:\Windows;C:\Windows\System32\Wbem;C:\Windows\System32\WindowsPowerShell\v1.0\;C:\Windows\System32\OpenSSH\;C:\Program Files (x86)\NVIDIA Corporation\PhysX\Common;C:\Program Files\NVIDIA Corporation\NVIDIA NvDLISR;C:\Program Files (x86)\Microsoft SQL Server\160\Tools\Binn\;C:\Program Files\Microsoft SQL Server\160\Tools\Binn\;C:\Program Files\Microsoft SQL Server\Client SDK\ODBC\170\Tools\Binn\;C:\Program Files\Microsoft SQL Server\160\DTS\Binn\;C:\Program Files (x86)\Microsoft SQL Server\150\DTS\Binn\;C:\Program Files\Azure Data Studio\bin;C:\Program Files\Go\bin;C:\WINDOWS\system32;C:\WINDOWS;C:\WINDOWS\System32\Wbem;C:\WINDOWS\System32\WindowsPowerShell\v1.0\;C:\WINDOWS\System32\OpenSSH\;C:\Program Files (x86)\Microsoft SQL Server\130\Tools\Binn\;C:\Program Files\Microsoft SQL Server\130\Tools\Binn\;C:\Program Files (x86)\Microsoft SQL Server\130\DTS\Binn\;C:\Program Files\Microsoft SQL Server\130\DTS\Binn\;C:\Program Files\Microsoft SQL Server\Client SDK\ODBC\130\Tools\Binn\;C:\Program Files (x86)\Microsoft SQL Server\Client SDK\ODBC\130\Tools\Binn\;C:\Program Files (x86)\Microsoft SQL Server\140\Tools\Binn\;C:\Program Files (x86)\Microsoft SQL Server\140\DTS\Binn\;C:\Program Files (x86)\Microsoft SQL Server\140\Tools\Binn\ManagementStudio\;C:\Program Files\Git\cmd;C:\ProgramData\chocolatey\bin;C:\Program Files\nodejs\;C:\xampp\php;C:\ProgramData\ComposerSetup\bin;C:\Program Files\Docker\Docker\resources\bin;C:\Users\dario\AppData\Local\pnpm;C:\Users\dario\AppData\Local\Apps\Quarto\bin;C:\Program Files\MySQL\MySQL Shell 8.0\bin\;C:\Users\dario\AppData\Local\Microsoft\WindowsApps;;C:\Users\dario\AppData\Local\Programs\Microsoft VS Code\bin;C:\Program Files\Azure Data Studio\bin;C:\Users\dario\go\bin;C:\Program Files\JetBrains\IntelliJ IDEA 2023.2\bin;;C:\Users\dario\AppData\Roaming\npm;C:\Users\dario\AppData\Roaming\Composer\vendor\bin;."/>
    <property name="java.vm.info" value="mixed mode, sharing"/>
    <property name="stderr.encoding" value="Cp1252"/>
    <property name="java.vendor" value="Oracle Corporation"/>
    <property name="java.vm.version" value="21.0.1+12-29"/>
    <property name="sun.io.unicode.encoding" value="UnicodeLittle"/>
    <property name="java.class.version" value="65.0"/>
  </properties>
  <testcase name="given_two_numbers_when_division_then_ok" classname="ec.edu.epn.calculator.CalculatorTest" time="0">
    <system-out><![CDATA[setUpClass()
Test 5
]]></system-out>
  </testcase>
  <testcase name="given_two_numbers_when_add_then_ok" classname="ec.edu.epn.calculator.CalculatorTest" time="0">
    <system-out><![CDATA[Test 1
]]></system-out>
  </testcase>
  <testcase name="given_two_numbers_when_subtract_then_ok" classname="ec.edu.epn.calculator.CalculatorTest" time="0.001">
    <system-out><![CDATA[Test 2
]]></system-out>
  </testcase>
  <testcase name="given_two_numbers_when_multiplication_then_ok" classname="ec.edu.epn.calculator.CalculatorTest" time="0.001">
    <system-out><![CDATA[Test 4
]]></system-out>
  </testcase>
  <testcase name="given_a_time_when_on_time_then_ok" classname="ec.edu.epn.calculator.CalculatorTest" time="0.076">
    <system-out><![CDATA[Test 3
]]></system-out>
  </testcase>
</testsuite>